<?xml version="1.0" encoding="UTF-8"?>
<coverage generated="1681076124072" clover="3.2.0">
  <project timestamp="1681076124072" name="All files">
    <metrics statements="39" coveredstatements="28" conditionals="2" coveredconditionals="0" methods="13" coveredmethods="7" elements="54" coveredelements="35" complexity="0" loc="39" ncloc="39" packages="2" files="6" classes="6"/>
    <package name="components">
      <metrics statements="37" coveredstatements="26" conditionals="2" coveredconditionals="0" methods="13" coveredmethods="7"/>
      <file name="Checkbox.tsx" path="C:\Users\37529\rs-react-task1\react-task1\src\components\Checkbox.tsx">
        <metrics statements="12" coveredstatements="8" conditionals="2" coveredconditionals="0" methods="5" coveredmethods="2"/>
        <line num="1" count="1" type="stmt"/>
        <line num="8" count="1" type="stmt"/>
        <line num="9" count="1" type="stmt"/>
        <line num="11" count="1" type="stmt"/>
        <line num="12" count="0" type="stmt"/>
        <line num="13" count="0" type="stmt"/>
        <line num="14" count="0" type="stmt"/>
        <line num="15" count="0" type="cond" truecount="0" falsecount="2"/>
        <line num="19" count="1" type="stmt"/>
        <line num="20" count="1" type="stmt"/>
        <line num="23" count="1" type="stmt"/>
        <line num="88" count="1" type="stmt"/>
      </file>
      <file name="DateInput.tsx" path="C:\Users\37529\rs-react-task1\react-task1\src\components\DateInput.tsx">
        <metrics statements="8" coveredstatements="5" conditionals="0" coveredconditionals="0" methods="2" coveredmethods="1"/>
        <line num="1" count="1" type="stmt"/>
        <line num="8" count="1" type="stmt"/>
        <line num="9" count="1" type="stmt"/>
        <line num="12" count="0" type="stmt"/>
        <line num="13" count="0" type="stmt"/>
        <line num="14" count="0" type="stmt"/>
        <line num="16" count="1" type="stmt"/>
        <line num="35" count="1" type="stmt"/>
      </file>
      <file name="Dropdown.tsx" path="C:\Users\37529\rs-react-task1\react-task1\src\components\Dropdown.tsx">
        <metrics statements="9" coveredstatements="6" conditionals="0" coveredconditionals="0" methods="3" coveredmethods="2"/>
        <line num="1" count="1" type="stmt"/>
        <line num="10" count="1" type="stmt"/>
        <line num="12" count="1" type="stmt"/>
        <line num="13" count="0" type="stmt"/>
        <line num="14" count="0" type="stmt"/>
        <line num="15" count="0" type="stmt"/>
        <line num="18" count="1" type="stmt"/>
        <line num="26" count="10" type="stmt"/>
        <line num="35" count="1" type="stmt"/>
      </file>
      <file name="FileUpload.tsx" path="C:\Users\37529\rs-react-task1\react-task1\src\components\FileUpload.tsx">
        <metrics statements="3" coveredstatements="3" conditionals="0" coveredconditionals="0" methods="1" coveredmethods="1"/>
        <line num="7" count="1" type="stmt"/>
        <line num="8" count="1" type="stmt"/>
        <line num="25" count="1" type="stmt"/>
      </file>
      <file name="Search.tsx" path="C:\Users\37529\rs-react-task1\react-task1\src\components\Search.tsx">
        <metrics statements="5" coveredstatements="4" conditionals="0" coveredconditionals="0" methods="2" coveredmethods="1"/>
        <line num="6" count="1" type="stmt"/>
        <line num="7" count="1" type="stmt"/>
        <line num="8" count="0" type="stmt"/>
        <line num="11" count="1" type="stmt"/>
        <line num="26" count="1" type="stmt"/>
      </file>
    </package>
    <package name="components.data">
      <metrics statements="2" coveredstatements="2" conditionals="0" coveredconditionals="0" methods="0" coveredmethods="0"/>
      <file name="cards.ts" path="C:\Users\37529\rs-react-task1\react-task1\src\components\data\cards.ts">
        <metrics statements="2" coveredstatements="2" conditionals="0" coveredconditionals="0" methods="0" coveredmethods="0"/>
        <line num="14" count="1" type="stmt"/>
        <line num="128" count="1" type="stmt"/>
      </file>
    </package>
  </project>
</coverage>
