{"C:\\Users\\37529\\rs-react-task1\\react-task1\\src\\components\\Checkbox.tsx": {"path":"C:\\Users\\37529\\rs-react-task1\\react-task1\\src\\components\\Checkbox.tsx","statementMap":{"0":{"start":{"line":1,"column":0},"end":{"line":1,"column":57}},"1":{"start":{"line":8,"column":17},"end":{"line":86,"column":1}},"2":{"start":{"line":9,"column":54},"end":{"line":9,"column":87}},"3":{"start":{"line":11,"column":31},"end":{"line":17,"column":3}},"4":{"start":{"line":12,"column":18},"end":{"line":12,"column":36}},"5":{"start":{"line":13,"column":22},"end":{"line":13,"column":42}},"6":{"start":{"line":14,"column":4},"end":{"line":16,"column":6}},"7":{"start":{"line":15,"column":6},"end":{"line":15,"column":90}},"8":{"start":{"line":15,"column":72},"end":{"line":15,"column":89}},"9":{"start":{"line":19,"column":2},"end":{"line":21,"column":45}},"10":{"start":{"line":20,"column":4},"end":{"line":20,"column":41}},"11":{"start":{"line":23,"column":2},"end":{"line":85,"column":4}},"12":{"start":{"line":88,"column":0},"end":{"line":88,"column":24}}},"fnMap":{"0":{"name":"(anonymous_0)","decl":{"start":{"line":8,"column":17},"end":{"line":8,"column":18}},"loc":{"start":{"line":8,"column":72},"end":{"line":86,"column":1}}},"1":{"name":"(anonymous_1)","decl":{"start":{"line":11,"column":31},"end":{"line":11,"column":32}},"loc":{"start":{"line":11,"column":72},"end":{"line":17,"column":3}}},"2":{"name":"(anonymous_2)","decl":{"start":{"line":14,"column":26},"end":{"line":14,"column":27}},"loc":{"start":{"line":15,"column":6},"end":{"line":15,"column":90}}},"3":{"name":"(anonymous_3)","decl":{"start":{"line":15,"column":59},"end":{"line":15,"column":60}},"loc":{"start":{"line":15,"column":72},"end":{"line":15,"column":89}}},"4":{"name":"(anonymous_4)","decl":{"start":{"line":19,"column":12},"end":{"line":19,"column":15}},"loc":{"start":{"line":19,"column":17},"end":{"line":21,"column":3}}}},"branchMap":{"0":{"loc":{"start":{"line":15,"column":6},"end":{"line":15,"column":90}},"type":"cond-expr","locations":[{"start":{"line":15,"column":18},"end":{"line":15,"column":39}},{"start":{"line":15,"column":42},"end":{"line":15,"column":90}}]}},"s":{"0":1,"1":1,"2":1,"3":1,"4":0,"5":0,"6":0,"7":0,"8":0,"9":1,"10":1,"11":1,"12":1},"f":{"0":1,"1":0,"2":0,"3":0,"4":1},"b":{"0":[0,0]}}
,"C:\\Users\\37529\\rs-react-task1\\react-task1\\src\\components\\DateInput.tsx": {"path":"C:\\Users\\37529\\rs-react-task1\\react-task1\\src\\components\\DateInput.tsx","statementMap":{"0":{"start":{"line":1,"column":0},"end":{"line":1,"column":46}},"1":{"start":{"line":8,"column":18},"end":{"line":33,"column":1}},"2":{"start":{"line":9,"column":46},"end":{"line":9,"column":74}},"3":{"start":{"line":12,"column":25},"end":{"line":12,"column":43}},"4":{"start":{"line":13,"column":4},"end":{"line":13,"column":36}},"5":{"start":{"line":14,"column":4},"end":{"line":14,"column":31}},"6":{"start":{"line":16,"column":2},"end":{"line":32,"column":4}},"7":{"start":{"line":35,"column":0},"end":{"line":35,"column":25}}},"fnMap":{"0":{"name":"(anonymous_0)","decl":{"start":{"line":8,"column":18},"end":{"line":8,"column":19}},"loc":{"start":{"line":8,"column":67},"end":{"line":33,"column":1}}},"1":{"name":"handleDateChange","decl":{"start":{"line":11,"column":11},"end":{"line":11,"column":27}},"loc":{"start":{"line":11,"column":64},"end":{"line":15,"column":3}}}},"branchMap":{},"s":{"0":1,"1":1,"2":1,"3":0,"4":0,"5":0,"6":1,"7":1},"f":{"0":1,"1":0},"b":{}}
,"C:\\Users\\37529\\rs-react-task1\\react-task1\\src\\components\\Dropdown.tsx": {"path":"C:\\Users\\37529\\rs-react-task1\\react-task1\\src\\components\\Dropdown.tsx","statementMap":{"0":{"start":{"line":1,"column":0},"end":{"line":1,"column":46}},"1":{"start":{"line":10,"column":40},"end":{"line":10,"column":52}},"2":{"start":{"line":12,"column":30},"end":{"line":16,"column":3}},"3":{"start":{"line":13,"column":18},"end":{"line":13,"column":36}},"4":{"start":{"line":14,"column":4},"end":{"line":14,"column":26}},"5":{"start":{"line":15,"column":4},"end":{"line":15,"column":26}},"6":{"start":{"line":18,"column":2},"end":{"line":32,"column":4}},"7":{"start":{"line":26,"column":10},"end":{"line":26,"column":36}},"8":{"start":{"line":35,"column":0},"end":{"line":35,"column":24}}},"fnMap":{"0":{"name":"Dropdown","decl":{"start":{"line":9,"column":9},"end":{"line":9,"column":17}},"loc":{"start":{"line":9,"column":58},"end":{"line":33,"column":1}}},"1":{"name":"(anonymous_1)","decl":{"start":{"line":12,"column":30},"end":{"line":12,"column":31}},"loc":{"start":{"line":12,"column":72},"end":{"line":16,"column":3}}},"2":{"name":"(anonymous_2)","decl":{"start":{"line":25,"column":19},"end":{"line":25,"column":20}},"loc":{"start":{"line":26,"column":10},"end":{"line":26,"column":36}}}},"branchMap":{},"s":{"0":1,"1":1,"2":1,"3":0,"4":0,"5":0,"6":1,"7":10,"8":1},"f":{"0":1,"1":0,"2":10},"b":{}}
,"C:\\Users\\37529\\rs-react-task1\\react-task1\\src\\components\\FileUpload.tsx": {"path":"C:\\Users\\37529\\rs-react-task1\\react-task1\\src\\components\\FileUpload.tsx","statementMap":{"0":{"start":{"line":7,"column":19},"end":{"line":23,"column":1}},"1":{"start":{"line":8,"column":2},"end":{"line":22,"column":4}},"2":{"start":{"line":25,"column":0},"end":{"line":25,"column":26}}},"fnMap":{"0":{"name":"(anonymous_0)","decl":{"start":{"line":7,"column":19},"end":{"line":7,"column":20}},"loc":{"start":{"line":7,"column":57},"end":{"line":23,"column":1}}}},"branchMap":{},"s":{"0":1,"1":1,"2":1},"f":{"0":1},"b":{}}
,"C:\\Users\\37529\\rs-react-task1\\react-task1\\src\\components\\Search.tsx": {"path":"C:\\Users\\37529\\rs-react-task1\\react-task1\\src\\components\\Search.tsx","statementMap":{"0":{"start":{"line":6,"column":15},"end":{"line":24,"column":1}},"1":{"start":{"line":7,"column":26},"end":{"line":9,"column":3}},"2":{"start":{"line":8,"column":4},"end":{"line":8,"column":28}},"3":{"start":{"line":11,"column":2},"end":{"line":23,"column":4}},"4":{"start":{"line":26,"column":0},"end":{"line":26,"column":22}}},"fnMap":{"0":{"name":"(anonymous_0)","decl":{"start":{"line":6,"column":15},"end":{"line":6,"column":16}},"loc":{"start":{"line":6,"column":38},"end":{"line":24,"column":1}}},"1":{"name":"(anonymous_1)","decl":{"start":{"line":7,"column":26},"end":{"line":7,"column":27}},"loc":{"start":{"line":7,"column":81},"end":{"line":9,"column":3}}}},"branchMap":{},"s":{"0":1,"1":1,"2":0,"3":1,"4":1},"f":{"0":1,"1":0},"b":{}}
,"C:\\Users\\37529\\rs-react-task1\\react-task1\\src\\components\\data\\cards.ts": {"path":"C:\\Users\\37529\\rs-react-task1\\react-task1\\src\\components\\data\\cards.ts","statementMap":{"0":{"start":{"line":14,"column":27},"end":{"line":126,"column":2}},"1":{"start":{"line":128,"column":9},"end":{"line":128,"column":14}}},"fnMap":{},"branchMap":{},"s":{"0":1,"1":1},"f":{},"b":{}}
}
