<?xml version="1.0" encoding="UTF-8"?>
<coverage generated="1680461435390" clover="3.2.0">
  <project timestamp="1680461435390" name="All files">
    <metrics statements="10" coveredstatements="9" conditionals="6" coveredconditionals="3" methods="4" coveredmethods="3" elements="20" coveredelements="15" complexity="0" loc="10" ncloc="10" packages="2" files="3" classes="3"/>
    <package name="components">
      <metrics statements="8" coveredstatements="7" conditionals="6" coveredconditionals="3" methods="4" coveredmethods="3"/>
      <file name="CardHolder.tsx" path="C:\Users\37529\rs-react-task1\react-task1\src\components\CardHolder.tsx">
        <metrics statements="5" coveredstatements="4" conditionals="6" coveredconditionals="3" methods="3" coveredmethods="2"/>
        <line num="7" count="1" type="stmt"/>
        <line num="8" count="1" type="stmt"/>
        <line num="11" count="12" type="stmt"/>
        <line num="15" count="0" type="stmt"/>
        <line num="42" count="1" type="stmt"/>
      </file>
      <file name="Search.tsx" path="C:\Users\37529\rs-react-task1\react-task1\src\components\Search.tsx">
        <metrics statements="3" coveredstatements="3" conditionals="0" coveredconditionals="0" methods="1" coveredmethods="1"/>
        <line num="5" count="1" type="stmt"/>
        <line num="6" count="1" type="stmt"/>
        <line num="20" count="1" type="stmt"/>
      </file>
    </package>
    <package name="components.data">
      <metrics statements="2" coveredstatements="2" conditionals="0" coveredconditionals="0" methods="0" coveredmethods="0"/>
      <file name="cards.tsx" path="C:\Users\37529\rs-react-task1\react-task1\src\components\data\cards.tsx">
        <metrics statements="2" coveredstatements="2" conditionals="0" coveredconditionals="0" methods="0" coveredmethods="0"/>
        <line num="13" count="1" type="stmt"/>
        <line num="150" count="1" type="stmt"/>
      </file>
    </package>
  </project>
</coverage>
