<?xml version="1.0" encoding="UTF-8"?>
<coverage generated="1680469948881" clover="3.2.0">
  <project timestamp="1680469948881" name="All files">
    <metrics statements="42" coveredstatements="31" conditionals="8" coveredconditionals="3" methods="15" coveredmethods="9" elements="65" coveredelements="43" complexity="0" loc="42" ncloc="42" packages="2" files="7" classes="7"/>
    <package name="components">
      <metrics statements="40" coveredstatements="29" conditionals="8" coveredconditionals="3" methods="15" coveredmethods="9"/>
      <file name="CardHolder.tsx" path="C:\Users\37529\rs-react-task1\react-task1\src\components\CardHolder.tsx">
        <metrics statements="5" coveredstatements="4" conditionals="6" coveredconditionals="3" methods="3" coveredmethods="2"/>
        <line num="7" count="1" type="stmt"/>
        <line num="8" count="1" type="stmt"/>
        <line num="11" count="12" type="stmt"/>
        <line num="15" count="0" type="stmt"/>
        <line num="42" count="1" type="stmt"/>
      </file>
      <file name="Checkbox.tsx" path="C:\Users\37529\rs-react-task1\react-task1\src\components\Checkbox.tsx">
        <metrics statements="12" coveredstatements="8" conditionals="2" coveredconditionals="0" methods="5" coveredmethods="2"/>
        <line num="1" count="1" type="stmt"/>
        <line num="8" count="1" type="stmt"/>
        <line num="9" count="1" type="stmt"/>
        <line num="11" count="1" type="stmt"/>
        <line num="12" count="0" type="stmt"/>
        <line num="13" count="0" type="stmt"/>
        <line num="14" count="0" type="stmt"/>
        <line num="15" count="0" type="cond" truecount="0" falsecount="2"/>
        <line num="19" count="1" type="stmt"/>
        <line num="20" count="1" type="stmt"/>
        <line num="23" count="1" type="stmt"/>
        <line num="88" count="1" type="stmt"/>
      </file>
      <file name="DateInput.tsx" path="C:\Users\37529\rs-react-task1\react-task1\src\components\DateInput.tsx">
        <metrics statements="8" coveredstatements="5" conditionals="0" coveredconditionals="0" methods="2" coveredmethods="1"/>
        <line num="1" count="1" type="stmt"/>
        <line num="8" count="1" type="stmt"/>
        <line num="9" count="1" type="stmt"/>
        <line num="12" count="0" type="stmt"/>
        <line num="13" count="0" type="stmt"/>
        <line num="14" count="0" type="stmt"/>
        <line num="16" count="1" type="stmt"/>
        <line num="35" count="1" type="stmt"/>
      </file>
      <file name="Dropdown.tsx" path="C:\Users\37529\rs-react-task1\react-task1\src\components\Dropdown.tsx">
        <metrics statements="9" coveredstatements="6" conditionals="0" coveredconditionals="0" methods="3" coveredmethods="2"/>
        <line num="1" count="1" type="stmt"/>
        <line num="10" count="1" type="stmt"/>
        <line num="12" count="1" type="stmt"/>
        <line num="13" count="0" type="stmt"/>
        <line num="14" count="0" type="stmt"/>
        <line num="15" count="0" type="stmt"/>
        <line num="18" count="1" type="stmt"/>
        <line num="26" count="12" type="stmt"/>
        <line num="35" count="1" type="stmt"/>
      </file>
      <file name="FileUpload.tsx" path="C:\Users\37529\rs-react-task1\react-task1\src\components\FileUpload.tsx">
        <metrics statements="3" coveredstatements="3" conditionals="0" coveredconditionals="0" methods="1" coveredmethods="1"/>
        <line num="7" count="1" type="stmt"/>
        <line num="8" count="1" type="stmt"/>
        <line num="25" count="1" type="stmt"/>
      </file>
      <file name="Search.tsx" path="C:\Users\37529\rs-react-task1\react-task1\src\components\Search.tsx">
        <metrics statements="3" coveredstatements="3" conditionals="0" coveredconditionals="0" methods="1" coveredmethods="1"/>
        <line num="5" count="1" type="stmt"/>
        <line num="6" count="1" type="stmt"/>
        <line num="20" count="1" type="stmt"/>
      </file>
    </package>
    <package name="components.data">
      <metrics statements="2" coveredstatements="2" conditionals="0" coveredconditionals="0" methods="0" coveredmethods="0"/>
      <file name="cards.tsx" path="C:\Users\37529\rs-react-task1\react-task1\src\components\data\cards.tsx">
        <metrics statements="2" coveredstatements="2" conditionals="0" coveredconditionals="0" methods="0" coveredmethods="0"/>
        <line num="13" count="2" type="stmt"/>
        <line num="150" count="2" type="stmt"/>
      </file>
    </package>
  </project>
</coverage>
