{"C:\\Users\\37529\\rs-react-task1\\react-task1\\src\\components\\CardHolder.tsx": {"path":"C:\\Users\\37529\\rs-react-task1\\react-task1\\src\\components\\CardHolder.tsx","statementMap":{"0":{"start":{"line":7,"column":19},"end":{"line":40,"column":1}},"1":{"start":{"line":8,"column":2},"end":{"line":39,"column":4}},"2":{"start":{"line":11,"column":8},"end":{"line":12,"column":null}},"3":{"start":{"line":15,"column":25},"end":{"line":15,"column":63}},"4":{"start":{"line":42,"column":0},"end":{"line":42,"column":26}}},"fnMap":{"0":{"name":"(anonymous_0)","decl":{"start":{"line":7,"column":19},"end":{"line":7,"column":20}},"loc":{"start":{"line":7,"column":40},"end":{"line":40,"column":1}}},"1":{"name":"(anonymous_1)","decl":{"start":{"line":10,"column":17},"end":{"line":10,"column":18}},"loc":{"start":{"line":11,"column":8},"end":{"line":12,"column":null}}},"2":{"name":"(anonymous_2)","decl":{"start":{"line":15,"column":19},"end":{"line":15,"column":22}},"loc":{"start":{"line":15,"column":25},"end":{"line":15,"column":63}}}},"branchMap":{"0":{"loc":{"start":{"line":24,"column":31},"end":{"line":24,"column":99}},"type":"cond-expr","locations":[{"start":{"line":24,"column":52},"end":{"line":24,"column":79}},{"start":{"line":24,"column":82},"end":{"line":24,"column":99}}]},"1":{"loc":{"start":{"line":26,"column":30},"end":{"line":26,"column":70}},"type":"cond-expr","locations":[{"start":{"line":26,"column":51},"end":{"line":26,"column":58}},{"start":{"line":26,"column":61},"end":{"line":26,"column":70}}]},"2":{"loc":{"start":{"line":28,"column":31},"end":{"line":28,"column":70}},"type":"cond-expr","locations":[{"start":{"line":28,"column":52},"end":{"line":28,"column":61}},{"start":{"line":28,"column":64},"end":{"line":28,"column":70}}]}},"s":{"0":1,"1":1,"2":12,"3":0,"4":1},"f":{"0":1,"1":12,"2":0},"b":{"0":[12,0],"1":[12,0],"2":[12,0]}}
,"C:\\Users\\37529\\rs-react-task1\\react-task1\\src\\components\\Search.tsx": {"path":"C:\\Users\\37529\\rs-react-task1\\react-task1\\src\\components\\Search.tsx","statementMap":{"0":{"start":{"line":5,"column":15},"end":{"line":18,"column":1}},"1":{"start":{"line":6,"column":2},"end":{"line":17,"column":4}},"2":{"start":{"line":20,"column":0},"end":{"line":20,"column":22}}},"fnMap":{"0":{"name":"(anonymous_0)","decl":{"start":{"line":5,"column":15},"end":{"line":5,"column":16}},"loc":{"start":{"line":5,"column":38},"end":{"line":18,"column":1}}}},"branchMap":{},"s":{"0":1,"1":1,"2":1},"f":{"0":1},"b":{}}
,"C:\\Users\\37529\\rs-react-task1\\react-task1\\src\\components\\data\\cards.tsx": {"path":"C:\\Users\\37529\\rs-react-task1\\react-task1\\src\\components\\data\\cards.tsx","statementMap":{"0":{"start":{"line":13,"column":27},"end":{"line":148,"column":2}},"1":{"start":{"line":150,"column":9},"end":{"line":150,"column":14}}},"fnMap":{},"branchMap":{},"s":{"0":1,"1":1},"f":{},"b":{}}
}
