TN:
SF:src\components\CardHolder.tsx
FN:7,(anonymous_0)
FN:10,(anonymous_1)
FN:15,(anonymous_2)
FNF:3
FNH:2
FNDA:1,(anonymous_0)
FNDA:12,(anonymous_1)
FNDA:0,(anonymous_2)
DA:7,1
DA:8,1
DA:11,12
DA:15,0
DA:42,1
LF:5
LH:4
BRDA:24,0,0,12
BRDA:24,0,1,0
BRDA:26,1,0,12
BRDA:26,1,1,0
BRDA:28,2,0,12
BRDA:28,2,1,0
BRF:6
BRH:3
end_of_record
TN:
SF:src\components\Search.tsx
FN:5,(anonymous_0)
FNF:1
FNH:1
FNDA:1,(anonymous_0)
DA:5,1
DA:6,1
DA:20,1
LF:3
LH:3
BRF:0
BRH:0
end_of_record
TN:
SF:src\components\data\cards.tsx
FNF:0
FNH:0
DA:13,1
DA:150,1
LF:2
LH:2
BRF:0
BRH:0
end_of_record
