TN:
SF:src\components\CardHolder.tsx
FN:7,(anonymous_0)
FN:10,(anonymous_1)
FN:15,(anonymous_2)
FNF:3
FNH:2
FNDA:1,(anonymous_0)
FNDA:12,(anonymous_1)
FNDA:0,(anonymous_2)
DA:7,1
DA:8,1
DA:11,12
DA:15,0
DA:42,1
LF:5
LH:4
BRDA:24,0,0,12
BRDA:24,0,1,0
BRDA:26,1,0,12
BRDA:26,1,1,0
BRDA:28,2,0,12
BRDA:28,2,1,0
BRF:6
BRH:3
end_of_record
TN:
SF:src\components\Checkbox.tsx
FN:8,(anonymous_0)
FN:11,(anonymous_1)
FN:14,(anonymous_2)
FN:15,(anonymous_3)
FN:19,(anonymous_4)
FNF:5
FNH:2
FNDA:1,(anonymous_0)
FNDA:0,(anonymous_1)
FNDA:0,(anonymous_2)
FNDA:0,(anonymous_3)
FNDA:1,(anonymous_4)
DA:1,1
DA:8,1
DA:9,1
DA:11,1
DA:12,0
DA:13,0
DA:14,0
DA:15,0
DA:19,1
DA:20,1
DA:23,1
DA:88,1
LF:12
LH:8
BRDA:15,0,0,0
BRDA:15,0,1,0
BRF:2
BRH:0
end_of_record
TN:
SF:src\components\DateInput.tsx
FN:8,(anonymous_0)
FN:11,handleDateChange
FNF:2
FNH:1
FNDA:1,(anonymous_0)
FNDA:0,handleDateChange
DA:1,1
DA:8,1
DA:9,1
DA:12,0
DA:13,0
DA:14,0
DA:16,1
DA:35,1
LF:8
LH:5
BRF:0
BRH:0
end_of_record
TN:
SF:src\components\Dropdown.tsx
FN:9,Dropdown
FN:12,(anonymous_1)
FN:25,(anonymous_2)
FNF:3
FNH:2
FNDA:1,Dropdown
FNDA:0,(anonymous_1)
FNDA:12,(anonymous_2)
DA:1,1
DA:10,1
DA:12,1
DA:13,0
DA:14,0
DA:15,0
DA:18,1
DA:26,12
DA:35,1
LF:9
LH:6
BRF:0
BRH:0
end_of_record
TN:
SF:src\components\FileUpload.tsx
FN:7,(anonymous_0)
FNF:1
FNH:1
FNDA:1,(anonymous_0)
DA:7,1
DA:8,1
DA:25,1
LF:3
LH:3
BRF:0
BRH:0
end_of_record
TN:
SF:src\components\Search.tsx
FN:5,(anonymous_0)
FNF:1
FNH:1
FNDA:1,(anonymous_0)
DA:5,1
DA:6,1
DA:20,1
LF:3
LH:3
BRF:0
BRH:0
end_of_record
TN:
SF:src\components\data\cards.tsx
FNF:0
FNH:0
DA:13,2
DA:150,2
LF:2
LH:2
BRF:0
BRH:0
end_of_record
